<?xml version="1.0" encoding="UTF-8"?>
<!-- Generated by org.testng.reporters.JUnitReportReporter -->
<testsuite hostname="KanniyaVikashini" failures="0" tests="4" name="automationTesting.DriverInitialization" time="0.966" errors="0" timestamp="2025-04-08T08:55:36 IST" skipped="0">
  <testcase classname="automationTesting.DriverInitialization" name="textboxElements" time="0.546"/>
  <system-out/>
  <testcase classname="automationTesting.DriverInitialization" name="radioButton" time="0.152"/>
  <system-out/>
  <testcase classname="automationTesting.DriverInitialization" name="checkboxes" time="0.152"/>
  <system-out/>
  <testcase classname="automationTesting.DriverInitialization" name="selectDropdown" time="0.116"/>
  <system-out/>
</testsuite> <!-- automationTesting.DriverInitialization -->
