<?xml version="1.0" encoding="UTF-8"?>
<!-- Generated by org.testng.reporters.JUnitReportReporter -->
<testsuite hostname="KanniyaVikashini" failures="0" tests="2" name="rahulshetty.PracticePage" time="0.774" errors="0" timestamp="2025-04-23T08:59:22 IST" skipped="0">
  <testcase classname="rahulshetty.PracticePage" name="radioButton" time="0.156"/>
  <system-out/>
  <testcase classname="rahulshetty.PracticePage" name="suggessionClass" time="0.618"/>
  <system-out/>
</testsuite> <!-- rahulshetty.PracticePage -->
