<?xml version="1.0" encoding="UTF-8"?>
<!-- Generated by org.testng.reporters.JUnitReportReporter -->
<testsuite hostname="cartrabbit" failures="0" tests="1" name="practice.BootstrapDropdown" time="1.189" errors="0" timestamp="2025-04-09T10:58:37 IST" skipped="0">
  <testcase classname="practice.BootstrapDropdown" name="bsdropdown" time="1.189"/>
  <system-out/>
</testsuite> <!-- practice.BootstrapDropdown -->
