<?xml version="1.0" encoding="UTF-8"?>
<!-- Generated by org.testng.reporters.JUnitReportReporter -->
<testsuite hostname="KanniyaVikashini" failures="0" tests="4" name="rahulshetty.Flightbooking" time="8.391" errors="0" timestamp="2025-04-17T08:33:01 IST" skipped="0">
  <testcase classname="rahulshetty.Flightbooking" name="country" time="3.344"/>
  <system-out/>
  <testcase classname="rahulshetty.Flightbooking" name="travelCities" time="3.705"/>
  <system-out/>
  <testcase classname="rahulshetty.Flightbooking" name="calender" time="0.532"/>
  <system-out/>
  <testcase classname="rahulshetty.Flightbooking" name="passengers" time="0.810"/>
  <system-out/>
</testsuite> <!-- rahulshetty.Flightbooking -->
