<?xml version="1.0" encoding="UTF-8"?>
<!-- Generated by org.testng.reporters.JUnitReportReporter -->
<testsuite hostname="KanniyaVikashini" failures="0" tests="1" name="practice.BootstrapDropdown" time="0.296" errors="0" timestamp="2025-04-09T08:03:30 IST" skipped="0">
  <testcase classname="practice.BootstrapDropdown" name="bsdropdown" time="0.296"/>
  <system-out/>
</testsuite> <!-- practice.BootstrapDropdown -->
