<?xml version="1.0" encoding="UTF-8"?>
<!-- Generated by org.testng.reporters.JUnitReportReporter -->
<testsuite hostname="cartrabbit" failures="0" tests="1" name="webTables.StaticTables" time="2.624" errors="0" timestamp="2025-04-18T14:25:53 IST" skipped="0">
  <testcase classname="webTables.StaticTables" name="staticWebTable" time="2.624"/>
  <system-out/>
</testsuite> <!-- webTables.StaticTables -->
