<?xml version="1.0" encoding="UTF-8"?>
<!-- Generated by org.testng.reporters.JUnitReportReporter -->
<testsuite hostname="KanniyaVikashini" failures="0" tests="1" name="webTables.StaticTables" time="1.700" errors="0" timestamp="2025-04-18T08:12:07 IST" skipped="0">
  <testcase classname="webTables.StaticTables" name="staticWebTable" time="1.700"/>
  <system-out/>
</testsuite> <!-- webTables.StaticTables -->
