<?xml version="1.0" encoding="UTF-8"?>
<!-- Generated by org.testng.reporters.JUnitReportReporter -->
<testsuite hostname="cartrabbit" failures="0" tests="3" name="rahulshetty.Flightbooking" time="5.288" errors="0" timestamp="2025-04-14T13:54:21 IST" skipped="0">
  <testcase classname="rahulshetty.Flightbooking" name="country" time="4.040"/>
  <system-out/>
  <testcase classname="rahulshetty.Flightbooking" name="trip" time="0.488"/>
  <system-out/>
  <testcase classname="rahulshetty.Flightbooking" name="travelCities" time="0.760"/>
  <system-out/>
</testsuite> <!-- rahulshetty.Flightbooking -->
