<?xml version="1.0" encoding="UTF-8"?>
<!-- Generated by org.testng.reporters.JUnitReportReporter -->
<testsuite hostname="KanniyaVikashini" failures="0" tests="5" name="rahulshetty.PracticePage" time="2.198" errors="0" timestamp="2025-04-25T07:25:47 IST" skipped="0">
  <testcase classname="rahulshetty.PracticePage" name="radioButton" time="0.263"/>
  <system-out/>
  <testcase classname="rahulshetty.PracticePage" name="suggessionClass" time="0.865"/>
  <system-out/>
  <testcase classname="rahulshetty.PracticePage" name="staticDropdown" time="0.311"/>
  <system-out/>
  <testcase classname="rahulshetty.PracticePage" name="checkboxExample" time="0.178"/>
  <system-out/>
  <testcase classname="rahulshetty.PracticePage" name="alertExample" time="0.581"/>
  <system-out/>
</testsuite> <!-- rahulshetty.PracticePage -->
