<?xml version="1.0" encoding="UTF-8"?>
<!-- Generated by org.testng.reporters.JUnitReportReporter -->
<testsuite hostname="cartrabbit" failures="0" tests="1" name="practice.HiddenDropdown" time="7.876" errors="0" timestamp="2025-04-10T14:58:21 IST" skipped="0">
  <testcase classname="practice.HiddenDropdown" name="login" time="7.876"/>
  <system-out/>
</testsuite> <!-- practice.HiddenDropdown -->
