<?xml version="1.0" encoding="UTF-8"?>
<!-- Generated by org.testng.reporters.JUnitReportReporter -->
<testsuite hostname="KanniyaVikashini" failures="0" tests="3" name="automationTesting.DriverInitialization" time="0.848" errors="0" timestamp="2025-04-08T08:46:55 IST" skipped="0">
  <testcase classname="automationTesting.DriverInitialization" name="textboxElements" time="0.546"/>
  <system-out/>
  <testcase classname="automationTesting.DriverInitialization" name="radioButton" time="0.163"/>
  <system-out/>
  <testcase classname="automationTesting.DriverInitialization" name="checkboxes" time="0.139"/>
  <system-out/>
</testsuite> <!-- automationTesting.DriverInitialization -->
