<?xml version="1.0" encoding="UTF-8"?>
<!-- Generated by org.testng.reporters.JUnitReportReporter -->
<testsuite hostname="KanniyaVikashini" failures="0" tests="6" name="practice.AutomationTesting" time="1.809" errors="0" timestamp="2025-04-12T20:10:05 IST" skipped="0">
  <testcase classname="practice.AutomationTesting" name="textboxElements" time="0.473"/>
  <system-out/>
  <testcase classname="practice.AutomationTesting" name="radioButton" time="0.188"/>
  <system-out/>
  <testcase classname="practice.AutomationTesting" name="checkboxes" time="0.136"/>
  <system-out/>
  <testcase classname="practice.AutomationTesting" name="selectDropdown" time="0.117"/>
  <system-out/>
  <testcase classname="practice.AutomationTesting" name="multiselectDropdown" time="0.678"/>
  <system-out/>
  <testcase classname="practice.AutomationTesting" name="datePicker1" time="0.217"/>
  <system-out/>
</testsuite> <!-- practice.AutomationTesting -->
