<?xml version="1.0" encoding="UTF-8"?>
<!-- Generated by org.testng.reporters.JUnitReportReporter -->
<testsuite hostname="cartrabbit" failures="0" tests="4" name="automationTesting.DriverInitialization" time="1.938" errors="0" timestamp="2025-04-08T12:25:14 IST" skipped="0">
  <testcase classname="automationTesting.DriverInitialization" name="textboxElements" time="1.105"/>
  <system-out/>
  <testcase classname="automationTesting.DriverInitialization" name="radioButton" time="0.295"/>
  <system-out/>
  <testcase classname="automationTesting.DriverInitialization" name="checkboxes" time="0.302"/>
  <system-out/>
  <testcase classname="automationTesting.DriverInitialization" name="selectDropdown" time="0.236"/>
  <system-out/>
</testsuite> <!-- automationTesting.DriverInitialization -->
