<?xml version="1.0" encoding="UTF-8"?>
<!-- Generated by org.testng.reporters.JUnitReportReporter -->
<testsuite hostname="cartrabbit" failures="0" tests="2" name="practice.HiddenDropdown" time="35.084" errors="0" timestamp="2025-04-09T16:34:46 IST" skipped="0">
  <testcase classname="practice.HiddenDropdown" name="login" time="4.298"/>
  <system-out/>
  <testcase classname="practice.HiddenDropdown" name="hiddenDropdownElement" time="30.786"/>
  <system-out/>
</testsuite> <!-- practice.HiddenDropdown -->
