<?xml version="1.0" encoding="UTF-8"?>
<!-- Generated by org.testng.reporters.JUnitReportReporter -->
<testsuite hostname="KanniyaVikashini" failures="0" tests="1" name="practice.HiddenDropdown" time="4.132" errors="0" timestamp="2025-04-10T08:19:11 IST" skipped="0">
  <testcase classname="practice.HiddenDropdown" name="autosuggestiveDropdown" time="4.132"/>
  <system-out/>
</testsuite> <!-- practice.HiddenDropdown -->
