<?xml version="1.0" encoding="UTF-8"?>
<!-- Generated by org.testng.reporters.JUnitReportReporter -->
<testsuite hostname="KanniyaVikashini" failures="0" tests="1" name="dropdowns.AutoSuggestiveDropdown" time="5.899" errors="0" timestamp="2025-04-13T11:59:45 IST" skipped="0">
  <testcase classname="dropdowns.AutoSuggestiveDropdown" name="autoSuggetion" time="5.899"/>
  <system-out/>
</testsuite> <!-- dropdowns.AutoSuggestiveDropdown -->
