<?xml version="1.0" encoding="UTF-8"?>
<!-- Generated by org.testng.reporters.JUnitReportReporter -->
<testsuite hostname="KanniyaVikashini" failures="0" tests="1" name="mouseEvents.rightClick" time="3.394" errors="0" timestamp="2025-05-22T07:32:30 IST" skipped="0">
  <testcase classname="mouseEvents.rightClick" name="rightClickExample" time="3.394"/>
  <system-out/>
</testsuite> <!-- mouseEvents.rightClick -->
