<?xml version="1.0" encoding="UTF-8"?>
<!-- Generated by org.testng.reporters.JUnitReportReporter -->
<testsuite hostname="KanniyaVikashini" failures="0" tests="1" name="mouseEvents.MouseHover" time="2.931" errors="0" timestamp="2025-05-22T07:16:20 IST" skipped="0">
  <testcase classname="mouseEvents.MouseHover" name="mouseHoverExample" time="2.931"/>
  <system-out/>
</testsuite> <!-- mouseEvents.MouseHover -->
