<?xml version="1.0" encoding="UTF-8"?>
<!-- Generated by org.testng.reporters.JUnitReportReporter -->
<testsuite hostname="KanniyaVikashini" failures="0" tests="2" name="automationTesting.DriverInitialization" time="0.653" errors="0" timestamp="2025-04-08T08:39:27 IST" skipped="0">
  <testcase classname="automationTesting.DriverInitialization" name="textboxElements" time="0.467"/>
  <system-out/>
  <testcase classname="automationTesting.DriverInitialization" name="radioButton" time="0.186"/>
  <system-out/>
</testsuite> <!-- automationTesting.DriverInitialization -->
