<?xml version="1.0" encoding="UTF-8"?>
<!-- Generated by org.testng.reporters.JUnitReportReporter -->
<testsuite hostname="cartrabbit" failures="0" tests="3" name="practice.BlazeDemo" time="1.616" errors="0" timestamp="2025-04-18T15:23:25 IST" skipped="0">
  <testcase classname="practice.BlazeDemo" name="chooseDepartureCity" time="0.396"/>
  <system-out/>
  <testcase classname="practice.BlazeDemo" name="chooseDestinationCity" time="0.397"/>
  <system-out/>
  <testcase classname="practice.BlazeDemo" name="findFlights" time="0.823"/>
  <system-out/>
</testsuite> <!-- practice.BlazeDemo -->
